This file contains any messages produced by compilers while
running configure, to aid debugging if configure makes a mistake.

It was created by configure, which was
generated by GNU Autoconf 2.69.  Invocation command line was

  $ ./configure 

## --------- ##
## Platform. ##
## --------- ##

hostname = phoeagon-K43SV
uname -m = x86_64
uname -r = 3.13.0-37-generic
uname -s = Linux
uname -v = #64-Ubuntu SMP Mon Sep 22 21:28:38 UTC 2014

/usr/bin/uname -p = unknown
/bin/uname -X     = unknown

/bin/arch              = unknown
/usr/bin/arch -k       = unknown
/usr/convex/getsysinfo = unknown
/usr/bin/hostinfo      = unknown
/bin/machine           = unknown
/usr/bin/oslevel       = unknown
/bin/universe          = unknown

PATH: /usr/hla
PATH: /usr/local/texlive/2011/bin/i386-linux
PATH: /usr/local/texlive/2011/bin/i386-linux
PATH: /home/phoeagon/bin
PATH: /usr/local/sbin
PATH: /usr/local/bin
PATH: /usr/sbin
PATH: /usr/bin
PATH: /sbin
PATH: /bin
PATH: /usr/games
PATH: /usr/local/games
PATH: /home/phoeagon/bin/google_appengine/
PATH: /home/phoeagon/git/alice/bin/


## ----------- ##
## Core tests. ##
## ----------- ##

configure:2293: checking for a BSD-compatible install
configure:2361: result: /usr/bin/install -c
configure:2372: checking whether build environment is sane
configure:2427: result: yes
configure:2578: checking for a thread-safe mkdir -p
configure:2617: result: /bin/mkdir -p
configure:2624: checking for gawk
configure:2640: found /usr/bin/gawk
configure:2651: result: gawk
configure:2662: checking whether make sets $(MAKE)
configure:2684: result: yes
configure:2713: checking whether make supports nested variables
configure:2730: result: yes
configure:2889: checking build system type
configure:2903: result: x86_64-unknown-linux-gnu
configure:2923: checking host system type
configure:2936: result: x86_64-unknown-linux-gnu
configure:2977: checking how to print strings
configure:3004: result: printf
configure:3037: checking for style of include used by make
configure:3065: result: GNU
configure:3136: checking for gcc
configure:3152: found /usr/bin/gcc
configure:3163: result: gcc
configure:3392: checking for C compiler version
configure:3401: gcc --version >&5
gcc (Ubuntu 4.8.2-19ubuntu1) 4.8.2
Copyright (C) 2013 Free Software Foundation, Inc.
This is free software; see the source for copying conditions.  There is NO
warranty; not even for MERCHANTABILITY or FITNESS FOR A PARTICULAR PURPOSE.

configure:3412: $? = 0
configure:3401: gcc -v >&5
Using built-in specs.
COLLECT_GCC=gcc
COLLECT_LTO_WRAPPER=/usr/lib/gcc/x86_64-linux-gnu/4.8/lto-wrapper
Target: x86_64-linux-gnu
Configured with: ../src/configure -v --with-pkgversion='Ubuntu 4.8.2-19ubuntu1' --with-bugurl=file:///usr/share/doc/gcc-4.8/README.Bugs --enable-languages=c,c++,java,go,d,fortran,objc,obj-c++ --prefix=/usr --program-suffix=-4.8 --enable-shared --enable-linker-build-id --libexecdir=/usr/lib --without-included-gettext --enable-threads=posix --with-gxx-include-dir=/usr/include/c++/4.8 --libdir=/usr/lib --enable-nls --with-sysroot=/ --enable-clocale=gnu --enable-libstdcxx-debug --enable-libstdcxx-time=yes --enable-gnu-unique-object --disable-libmudflap --enable-plugin --with-system-zlib --disable-browser-plugin --enable-java-awt=gtk --enable-gtk-cairo --with-java-home=/usr/lib/jvm/java-1.5.0-gcj-4.8-amd64/jre --enable-java-home --with-jvm-root-dir=/usr/lib/jvm/java-1.5.0-gcj-4.8-amd64 --with-jvm-jar-dir=/usr/lib/jvm-exports/java-1.5.0-gcj-4.8-amd64 --with-arch-directory=amd64 --with-ecj-jar=/usr/share/java/eclipse-ecj.jar --enable-objc-gc --enable-multiarch --disable-werror --with-arch-32=i686 --with-abi=m64 --with-multilib-list=m32,m64,mx32 --with-tune=generic --enable-checking=release --build=x86_64-linux-gnu --host=x86_64-linux-gnu --target=x86_64-linux-gnu
Thread model: posix
gcc version 4.8.2 (Ubuntu 4.8.2-19ubuntu1) 
configure:3412: $? = 0
configure:3401: gcc -V >&5
gcc: error: unrecognized command line option '-V'
gcc: fatal error: no input files
compilation terminated.
configure:3412: $? = 4
configure:3401: gcc -qversion >&5
gcc: error: unrecognized command line option '-qversion'
gcc: fatal error: no input files
compilation terminated.
configure:3412: $? = 4
configure:3432: checking whether the C compiler works
configure:3454: gcc -g   conftest.c  >&5
configure:3458: $? = 0
configure:3506: result: yes
configure:3509: checking for C compiler default output file name
configure:3511: result: a.out
configure:3517: checking for suffix of executables
configure:3524: gcc -o conftest -g   conftest.c  >&5
configure:3528: $? = 0
configure:3550: result: 
configure:3572: checking whether we are cross compiling
configure:3580: gcc -o conftest -g   conftest.c  >&5
configure:3584: $? = 0
configure:3591: ./conftest
configure:3595: $? = 0
configure:3610: result: no
configure:3615: checking for suffix of object files
configure:3637: gcc -c -g  conftest.c >&5
configure:3641: $? = 0
configure:3662: result: o
configure:3666: checking whether we are using the GNU C compiler
configure:3685: gcc -c -g  conftest.c >&5
configure:3685: $? = 0
configure:3694: result: yes
configure:3703: checking whether gcc accepts -g
configure:3723: gcc -c -g  conftest.c >&5
configure:3723: $? = 0
configure:3764: result: yes
configure:3781: checking for gcc option to accept ISO C89
configure:3844: gcc  -c -g  conftest.c >&5
configure:3844: $? = 0
configure:3857: result: none needed
configure:3882: checking whether gcc understands -c and -o together
configure:3904: gcc -c conftest.c -o conftest2.o
configure:3907: $? = 0
configure:3904: gcc -c conftest.c -o conftest2.o
configure:3907: $? = 0
configure:3919: result: yes
configure:3938: checking dependency style of gcc
configure:4049: result: gcc3
configure:4064: checking for a sed that does not truncate output
configure:4128: result: /bin/sed
configure:4146: checking for grep that handles long lines and -e
configure:4204: result: /bin/grep
configure:4209: checking for egrep
configure:4271: result: /bin/grep -E
configure:4276: checking for fgrep
configure:4338: result: /bin/grep -F
configure:4373: checking for ld used by gcc
configure:4440: result: /usr/bin/ld
configure:4447: checking if the linker (/usr/bin/ld) is GNU ld
configure:4462: result: yes
configure:4474: checking for BSD- or MS-compatible name lister (nm)
configure:4523: result: /usr/bin/nm -B
configure:4653: checking the name lister (/usr/bin/nm -B) interface
configure:4660: gcc -c -g  conftest.c >&5
configure:4663: /usr/bin/nm -B "conftest.o"
configure:4666: output
0000000000000000 B some_variable
configure:4673: result: BSD nm
configure:4676: checking whether ln -s works
configure:4680: result: yes
configure:4688: checking the maximum length of command line arguments
configure:4819: result: 1572864
configure:4836: checking whether the shell understands some XSI constructs
configure:4846: result: yes
configure:4850: checking whether the shell understands "+="
configure:4856: result: yes
configure:4891: checking how to convert x86_64-unknown-linux-gnu file names to x86_64-unknown-linux-gnu format
configure:4931: result: func_convert_file_noop
configure:4938: checking how to convert x86_64-unknown-linux-gnu file names to toolchain format
configure:4958: result: func_convert_file_noop
configure:4965: checking for /usr/bin/ld option to reload object files
configure:4972: result: -r
configure:5046: checking for objdump
configure:5062: found /usr/bin/objdump
configure:5073: result: objdump
configure:5105: checking how to recognize dependent libraries
configure:5303: result: pass_all
configure:5388: checking for dlltool
configure:5418: result: no
configure:5448: checking how to associate runtime and link libraries
configure:5475: result: printf %s\n
configure:5536: checking for ar
configure:5552: found /usr/bin/ar
configure:5563: result: ar
configure:5600: checking for archiver @FILE support
configure:5617: gcc -c -g  conftest.c >&5
configure:5617: $? = 0
configure:5620: ar cru libconftest.a @conftest.lst >&5
configure:5623: $? = 0
configure:5628: ar cru libconftest.a @conftest.lst >&5
ar: conftest.o: No such file or directory
configure:5631: $? = 1
configure:5643: result: @
configure:5701: checking for strip
configure:5717: found /usr/bin/strip
configure:5728: result: strip
configure:5800: checking for ranlib
configure:5816: found /usr/bin/ranlib
configure:5827: result: ranlib
configure:5929: checking command to parse /usr/bin/nm -B output from gcc object
configure:6049: gcc -c -g  conftest.c >&5
configure:6052: $? = 0
configure:6056: /usr/bin/nm -B conftest.o \| sed -n -e 's/^.*[ ]\([ABCDGIRSTW][ABCDGIRSTW]*\)[ ][ ]*\([_A-Za-z][_A-Za-z0-9]*\)$/\1 \2 \2/p' | sed '/ __gnu_lto/d' \> conftest.nm
configure:6059: $? = 0
configure:6125: gcc -o conftest -g   conftest.c conftstm.o >&5
configure:6128: $? = 0
configure:6166: result: ok
configure:6203: checking for sysroot
configure:6233: result: no
configure:6310: gcc -c -g  conftest.c >&5
configure:6313: $? = 0
configure:6502: checking for mt
configure:6518: found /bin/mt
configure:6529: result: mt
configure:6552: checking if mt is a manifest tool
configure:6558: mt '-?'
configure:6566: result: no
configure:7208: checking how to run the C preprocessor
configure:7239: gcc -E  conftest.c
configure:7239: $? = 0
configure:7253: gcc -E  conftest.c
conftest.c:11:28: fatal error: ac_nonexistent.h: No such file or directory
 #include <ac_nonexistent.h>
                            ^
compilation terminated.
configure:7253: $? = 1
configure: failed program was:
| /* confdefs.h */
| #define PACKAGE_NAME ""
| #define PACKAGE_TARNAME ""
| #define PACKAGE_VERSION ""
| #define PACKAGE_STRING ""
| #define PACKAGE_BUGREPORT ""
| #define PACKAGE_URL ""
| #define PACKAGE "fuckit"
| #define VERSION "0.1.0"
| /* end confdefs.h.  */
| #include <ac_nonexistent.h>
configure:7278: result: gcc -E
configure:7298: gcc -E  conftest.c
configure:7298: $? = 0
configure:7312: gcc -E  conftest.c
conftest.c:11:28: fatal error: ac_nonexistent.h: No such file or directory
 #include <ac_nonexistent.h>
                            ^
compilation terminated.
configure:7312: $? = 1
configure: failed program was:
| /* confdefs.h */
| #define PACKAGE_NAME ""
| #define PACKAGE_TARNAME ""
| #define PACKAGE_VERSION ""
| #define PACKAGE_STRING ""
| #define PACKAGE_BUGREPORT ""
| #define PACKAGE_URL ""
| #define PACKAGE "fuckit"
| #define VERSION "0.1.0"
| /* end confdefs.h.  */
| #include <ac_nonexistent.h>
configure:7341: checking for ANSI C header files
configure:7361: gcc -c -g  conftest.c >&5
configure:7361: $? = 0
configure:7434: gcc -o conftest -g   conftest.c  >&5
configure:7434: $? = 0
configure:7434: ./conftest
configure:7434: $? = 0
configure:7445: result: yes
configure:7458: checking for sys/types.h
configure:7458: gcc -c -g  conftest.c >&5
configure:7458: $? = 0
configure:7458: result: yes
configure:7458: checking for sys/stat.h
configure:7458: gcc -c -g  conftest.c >&5
configure:7458: $? = 0
configure:7458: result: yes
configure:7458: checking for stdlib.h
configure:7458: gcc -c -g  conftest.c >&5
configure:7458: $? = 0
configure:7458: result: yes
configure:7458: checking for string.h
configure:7458: gcc -c -g  conftest.c >&5
configure:7458: $? = 0
configure:7458: result: yes
configure:7458: checking for memory.h
configure:7458: gcc -c -g  conftest.c >&5
configure:7458: $? = 0
configure:7458: result: yes
configure:7458: checking for strings.h
configure:7458: gcc -c -g  conftest.c >&5
configure:7458: $? = 0
configure:7458: result: yes
configure:7458: checking for inttypes.h
configure:7458: gcc -c -g  conftest.c >&5
configure:7458: $? = 0
configure:7458: result: yes
configure:7458: checking for stdint.h
configure:7458: gcc -c -g  conftest.c >&5
configure:7458: $? = 0
configure:7458: result: yes
configure:7458: checking for unistd.h
configure:7458: gcc -c -g  conftest.c >&5
configure:7458: $? = 0
configure:7458: result: yes
configure:7472: checking for dlfcn.h
configure:7472: gcc -c -g  conftest.c >&5
configure:7472: $? = 0
configure:7472: result: yes
configure:7678: checking for objdir
configure:7693: result: .libs
configure:7960: checking if gcc supports -fno-rtti -fno-exceptions
configure:7978: gcc -c -g  -fno-rtti -fno-exceptions conftest.c >&5
cc1: warning: command line option '-fno-rtti' is valid for C++/ObjC++ but not for C [enabled by default]
configure:7982: $? = 0
configure:7995: result: no
configure:8322: checking for gcc option to produce PIC
configure:8329: result: -fPIC -DPIC
configure:8337: checking if gcc PIC flag -fPIC -DPIC works
configure:8355: gcc -c -g  -fPIC -DPIC -DPIC conftest.c >&5
configure:8359: $? = 0
configure:8372: result: yes
configure:8401: checking if gcc static flag -static works
configure:8429: result: yes
configure:8444: checking if gcc supports -c -o file.o
configure:8465: gcc -c -g  -o out/conftest2.o conftest.c >&5
configure:8469: $? = 0
configure:8491: result: yes
configure:8499: checking if gcc supports -c -o file.o
configure:8546: result: yes
configure:8579: checking whether the gcc linker (/usr/bin/ld -m elf_x86_64) supports shared libraries
configure:9736: result: yes
configure:9773: checking whether -lc should be explicitly linked in
configure:9781: gcc -c -g  conftest.c >&5
configure:9784: $? = 0
configure:9799: gcc -shared  -fPIC -DPIC conftest.o  -v -Wl,-soname -Wl,conftest -o conftest 2\>\&1 \| /bin/grep  -lc  \>/dev/null 2\>\&1
configure:9802: $? = 0
configure:9816: result: no
configure:9976: checking dynamic linker characteristics
configure:10476: gcc -o conftest -g   -Wl,-rpath -Wl,/foo conftest.c  >&5
configure:10476: $? = 0
configure:10710: result: GNU/Linux ld.so
configure:10817: checking how to hardcode library paths into programs
configure:10842: result: immediate
configure:11382: checking whether stripping libraries is possible
configure:11387: result: yes
configure:11422: checking if libtool supports shared libraries
configure:11424: result: yes
configure:11427: checking whether to build shared libraries
configure:11448: result: yes
configure:11451: checking whether to build static libraries
configure:11455: result: yes
configure:11535: checking for ranlib
configure:11562: result: ranlib
configure:11642: checking for g++
configure:11658: found /usr/bin/g++
configure:11669: result: g++
configure:11696: checking for C++ compiler version
configure:11705: g++ --version >&5
g++ (Ubuntu 4.8.2-19ubuntu1) 4.8.2
Copyright (C) 2013 Free Software Foundation, Inc.
This is free software; see the source for copying conditions.  There is NO
warranty; not even for MERCHANTABILITY or FITNESS FOR A PARTICULAR PURPOSE.

configure:11716: $? = 0
configure:11705: g++ -v >&5
Using built-in specs.
COLLECT_GCC=g++
COLLECT_LTO_WRAPPER=/usr/lib/gcc/x86_64-linux-gnu/4.8/lto-wrapper
Target: x86_64-linux-gnu
Configured with: ../src/configure -v --with-pkgversion='Ubuntu 4.8.2-19ubuntu1' --with-bugurl=file:///usr/share/doc/gcc-4.8/README.Bugs --enable-languages=c,c++,java,go,d,fortran,objc,obj-c++ --prefix=/usr --program-suffix=-4.8 --enable-shared --enable-linker-build-id --libexecdir=/usr/lib --without-included-gettext --enable-threads=posix --with-gxx-include-dir=/usr/include/c++/4.8 --libdir=/usr/lib --enable-nls --with-sysroot=/ --enable-clocale=gnu --enable-libstdcxx-debug --enable-libstdcxx-time=yes --enable-gnu-unique-object --disable-libmudflap --enable-plugin --with-system-zlib --disable-browser-plugin --enable-java-awt=gtk --enable-gtk-cairo --with-java-home=/usr/lib/jvm/java-1.5.0-gcj-4.8-amd64/jre --enable-java-home --with-jvm-root-dir=/usr/lib/jvm/java-1.5.0-gcj-4.8-amd64 --with-jvm-jar-dir=/usr/lib/jvm-exports/java-1.5.0-gcj-4.8-amd64 --with-arch-directory=amd64 --with-ecj-jar=/usr/share/java/eclipse-ecj.jar --enable-objc-gc --enable-multiarch --disable-werror --with-arch-32=i686 --with-abi=m64 --with-multilib-list=m32,m64,mx32 --with-tune=generic --enable-checking=release --build=x86_64-linux-gnu --host=x86_64-linux-gnu --target=x86_64-linux-gnu
Thread model: posix
gcc version 4.8.2 (Ubuntu 4.8.2-19ubuntu1) 
configure:11716: $? = 0
configure:11705: g++ -V >&5
g++: error: unrecognized command line option '-V'
g++: fatal error: no input files
compilation terminated.
configure:11716: $? = 4
configure:11705: g++ -qversion >&5
g++: error: unrecognized command line option '-qversion'
g++: fatal error: no input files
compilation terminated.
configure:11716: $? = 4
configure:11720: checking whether we are using the GNU C++ compiler
configure:11739: g++ -c -g  conftest.cpp >&5
configure:11739: $? = 0
configure:11748: result: yes
configure:11757: checking whether g++ accepts -g
configure:11777: g++ -c -g  conftest.cpp >&5
configure:11777: $? = 0
configure:11818: result: yes
configure:11843: checking dependency style of g++
configure:11954: result: gcc3
configure:11987: checking how to run the C++ preprocessor
configure:12014: g++ -E  conftest.cpp
configure:12014: $? = 0
configure:12028: g++ -E  conftest.cpp
conftest.cpp:23:28: fatal error: ac_nonexistent.h: No such file or directory
 #include <ac_nonexistent.h>
                            ^
compilation terminated.
configure:12028: $? = 1
configure: failed program was:
| /* confdefs.h */
| #define PACKAGE_NAME ""
| #define PACKAGE_TARNAME ""
| #define PACKAGE_VERSION ""
| #define PACKAGE_STRING ""
| #define PACKAGE_BUGREPORT ""
| #define PACKAGE_URL ""
| #define PACKAGE "fuckit"
| #define VERSION "0.1.0"
| #define STDC_HEADERS 1
| #define HAVE_SYS_TYPES_H 1
| #define HAVE_SYS_STAT_H 1
| #define HAVE_STDLIB_H 1
| #define HAVE_STRING_H 1
| #define HAVE_MEMORY_H 1
| #define HAVE_STRINGS_H 1
| #define HAVE_INTTYPES_H 1
| #define HAVE_STDINT_H 1
| #define HAVE_UNISTD_H 1
| #define HAVE_DLFCN_H 1
| #define LT_OBJDIR ".libs/"
| /* end confdefs.h.  */
| #include <ac_nonexistent.h>
configure:12053: result: g++ -E
configure:12073: g++ -E  conftest.cpp
configure:12073: $? = 0
configure:12087: g++ -E  conftest.cpp
conftest.cpp:23:28: fatal error: ac_nonexistent.h: No such file or directory
 #include <ac_nonexistent.h>
                            ^
compilation terminated.
configure:12087: $? = 1
configure: failed program was:
| /* confdefs.h */
| #define PACKAGE_NAME ""
| #define PACKAGE_TARNAME ""
| #define PACKAGE_VERSION ""
| #define PACKAGE_STRING ""
| #define PACKAGE_BUGREPORT ""
| #define PACKAGE_URL ""
| #define PACKAGE "fuckit"
| #define VERSION "0.1.0"
| #define STDC_HEADERS 1
| #define HAVE_SYS_TYPES_H 1
| #define HAVE_SYS_STAT_H 1
| #define HAVE_STDLIB_H 1
| #define HAVE_STRING_H 1
| #define HAVE_MEMORY_H 1
| #define HAVE_STRINGS_H 1
| #define HAVE_INTTYPES_H 1
| #define HAVE_STDINT_H 1
| #define HAVE_UNISTD_H 1
| #define HAVE_DLFCN_H 1
| #define LT_OBJDIR ".libs/"
| /* end confdefs.h.  */
| #include <ac_nonexistent.h>
configure:12256: checking for ld used by g++
configure:12323: result: /usr/bin/ld -m elf_x86_64
configure:12330: checking if the linker (/usr/bin/ld -m elf_x86_64) is GNU ld
configure:12345: result: yes
configure:12400: checking whether the g++ linker (/usr/bin/ld -m elf_x86_64) supports shared libraries
configure:13402: result: yes
configure:13438: g++ -c -g  conftest.cpp >&5
configure:13441: $? = 0
configure:13961: checking for g++ option to produce PIC
configure:13968: result: -fPIC -DPIC
configure:13976: checking if g++ PIC flag -fPIC -DPIC works
configure:13994: g++ -c -g  -fPIC -DPIC -DPIC conftest.cpp >&5
configure:13998: $? = 0
configure:14011: result: yes
configure:14034: checking if g++ static flag -static works
configure:14062: result: yes
configure:14074: checking if g++ supports -c -o file.o
configure:14095: g++ -c -g  -o out/conftest2.o conftest.cpp >&5
configure:14099: $? = 0
configure:14121: result: yes
configure:14126: checking if g++ supports -c -o file.o
configure:14173: result: yes
configure:14203: checking whether the g++ linker (/usr/bin/ld -m elf_x86_64) supports shared libraries
configure:14242: result: yes
configure:14383: checking dynamic linker characteristics
configure:15051: result: GNU/Linux ld.so
configure:15104: checking how to hardcode library paths into programs
configure:15129: result: immediate
configure:15217: checking for gcc
configure:15244: result: gcc
configure:15473: checking for C compiler version
configure:15482: gcc --version >&5
gcc (Ubuntu 4.8.2-19ubuntu1) 4.8.2
Copyright (C) 2013 Free Software Foundation, Inc.
This is free software; see the source for copying conditions.  There is NO
warranty; not even for MERCHANTABILITY or FITNESS FOR A PARTICULAR PURPOSE.

configure:15493: $? = 0
configure:15482: gcc -v >&5
Using built-in specs.
COLLECT_GCC=gcc
COLLECT_LTO_WRAPPER=/usr/lib/gcc/x86_64-linux-gnu/4.8/lto-wrapper
Target: x86_64-linux-gnu
Configured with: ../src/configure -v --with-pkgversion='Ubuntu 4.8.2-19ubuntu1' --with-bugurl=file:///usr/share/doc/gcc-4.8/README.Bugs --enable-languages=c,c++,java,go,d,fortran,objc,obj-c++ --prefix=/usr --program-suffix=-4.8 --enable-shared --enable-linker-build-id --libexecdir=/usr/lib --without-included-gettext --enable-threads=posix --with-gxx-include-dir=/usr/include/c++/4.8 --libdir=/usr/lib --enable-nls --with-sysroot=/ --enable-clocale=gnu --enable-libstdcxx-debug --enable-libstdcxx-time=yes --enable-gnu-unique-object --disable-libmudflap --enable-plugin --with-system-zlib --disable-browser-plugin --enable-java-awt=gtk --enable-gtk-cairo --with-java-home=/usr/lib/jvm/java-1.5.0-gcj-4.8-amd64/jre --enable-java-home --with-jvm-root-dir=/usr/lib/jvm/java-1.5.0-gcj-4.8-amd64 --with-jvm-jar-dir=/usr/lib/jvm-exports/java-1.5.0-gcj-4.8-amd64 --with-arch-directory=amd64 --with-ecj-jar=/usr/share/java/eclipse-ecj.jar --enable-objc-gc --enable-multiarch --disable-werror --with-arch-32=i686 --with-abi=m64 --with-multilib-list=m32,m64,mx32 --with-tune=generic --enable-checking=release --build=x86_64-linux-gnu --host=x86_64-linux-gnu --target=x86_64-linux-gnu
Thread model: posix
gcc version 4.8.2 (Ubuntu 4.8.2-19ubuntu1) 
configure:15493: $? = 0
configure:15482: gcc -V >&5
gcc: error: unrecognized command line option '-V'
gcc: fatal error: no input files
compilation terminated.
configure:15493: $? = 4
configure:15482: gcc -qversion >&5
gcc: error: unrecognized command line option '-qversion'
gcc: fatal error: no input files
compilation terminated.
configure:15493: $? = 4
configure:15497: checking whether we are using the GNU C compiler
configure:15525: result: yes
configure:15534: checking whether gcc accepts -g
configure:15595: result: yes
configure:15612: checking for gcc option to accept ISO C89
configure:15688: result: none needed
configure:15713: checking whether gcc understands -c and -o together
configure:15750: result: yes
configure:15769: checking dependency style of gcc
configure:15880: result: gcc3
configure:16043: checking that generated files are newer than configure
configure:16049: result: done
configure:16080: creating ./config.status

## ---------------------- ##
## Running config.status. ##
## ---------------------- ##

This file was extended by config.status, which was
generated by GNU Autoconf 2.69.  Invocation command line was

  CONFIG_FILES    = 
  CONFIG_HEADERS  = 
  CONFIG_LINKS    = 
  CONFIG_COMMANDS = 
  $ ./config.status 

on phoeagon-K43SV

config.status:1066: creating Makefile
config.status:1066: creating src/Makefile
config.status:1238: executing depfiles commands
config.status:1238: executing libtool commands

## ---------------- ##
## Cache variables. ##
## ---------------- ##

ac_cv_build=x86_64-unknown-linux-gnu
ac_cv_c_compiler_gnu=yes
ac_cv_cxx_compiler_gnu=yes
ac_cv_env_CCC_set=
ac_cv_env_CCC_value=
ac_cv_env_CC_set=
ac_cv_env_CC_value=
ac_cv_env_CFLAGS_set=
ac_cv_env_CFLAGS_value=
ac_cv_env_CPPFLAGS_set=
ac_cv_env_CPPFLAGS_value=
ac_cv_env_CPP_set=
ac_cv_env_CPP_value=
ac_cv_env_CXXCPP_set=
ac_cv_env_CXXCPP_value=
ac_cv_env_CXXFLAGS_set=
ac_cv_env_CXXFLAGS_value=
ac_cv_env_CXX_set=
ac_cv_env_CXX_value=
ac_cv_env_LDFLAGS_set=
ac_cv_env_LDFLAGS_value=
ac_cv_env_LIBS_set=
ac_cv_env_LIBS_value=
ac_cv_env_build_alias_set=
ac_cv_env_build_alias_value=
ac_cv_env_host_alias_set=
ac_cv_env_host_alias_value=
ac_cv_env_target_alias_set=
ac_cv_env_target_alias_value=
ac_cv_header_dlfcn_h=yes
ac_cv_header_inttypes_h=yes
ac_cv_header_memory_h=yes
ac_cv_header_stdc=yes
ac_cv_header_stdint_h=yes
ac_cv_header_stdlib_h=yes
ac_cv_header_string_h=yes
ac_cv_header_strings_h=yes
ac_cv_header_sys_stat_h=yes
ac_cv_header_sys_types_h=yes
ac_cv_header_unistd_h=yes
ac_cv_host=x86_64-unknown-linux-gnu
ac_cv_objext=o
ac_cv_path_EGREP='/bin/grep -E'
ac_cv_path_FGREP='/bin/grep -F'
ac_cv_path_GREP=/bin/grep
ac_cv_path_SED=/bin/sed
ac_cv_path_install='/usr/bin/install -c'
ac_cv_path_mkdir=/bin/mkdir
ac_cv_prog_AWK=gawk
ac_cv_prog_CPP='gcc -E'
ac_cv_prog_CXXCPP='g++ -E'
ac_cv_prog_ac_ct_AR=ar
ac_cv_prog_ac_ct_CC=gcc
ac_cv_prog_ac_ct_CXX=g++
ac_cv_prog_ac_ct_MANIFEST_TOOL=mt
ac_cv_prog_ac_ct_OBJDUMP=objdump
ac_cv_prog_ac_ct_RANLIB=ranlib
ac_cv_prog_ac_ct_STRIP=strip
ac_cv_prog_cc_c89=
ac_cv_prog_cc_g=yes
ac_cv_prog_cxx_g=yes
ac_cv_prog_make_make_set=yes
am_cv_CC_dependencies_compiler_type=gcc3
am_cv_CXX_dependencies_compiler_type=gcc3
am_cv_make_support_nested_variables=yes
am_cv_prog_cc_c_o=yes
lt_cv_ar_at_file=@
lt_cv_archive_cmds_need_lc=no
lt_cv_deplibs_check_method=pass_all
lt_cv_file_magic_cmd='$MAGIC_CMD'
lt_cv_file_magic_test_file=
lt_cv_ld_reload_flag=-r
lt_cv_nm_interface='BSD nm'
lt_cv_objdir=.libs
lt_cv_path_LD=/usr/bin/ld
lt_cv_path_LDCXX='/usr/bin/ld -m elf_x86_64'
lt_cv_path_NM='/usr/bin/nm -B'
lt_cv_path_mainfest_tool=no
lt_cv_prog_compiler_c_o=yes
lt_cv_prog_compiler_c_o_CXX=yes
lt_cv_prog_compiler_pic='-fPIC -DPIC'
lt_cv_prog_compiler_pic_CXX='-fPIC -DPIC'
lt_cv_prog_compiler_pic_works=yes
lt_cv_prog_compiler_pic_works_CXX=yes
lt_cv_prog_compiler_rtti_exceptions=no
lt_cv_prog_compiler_static_works=yes
lt_cv_prog_compiler_static_works_CXX=yes
lt_cv_prog_gnu_ld=yes
lt_cv_prog_gnu_ldcxx=yes
lt_cv_sharedlib_from_linklib_cmd='printf %s\n'
lt_cv_shlibpath_overrides_runpath=no
lt_cv_sys_global_symbol_pipe='sed -n -e '\''s/^.*[	 ]\([ABCDGIRSTW][ABCDGIRSTW]*\)[	 ][	 ]*\([_A-Za-z][_A-Za-z0-9]*\)$/\1 \2 \2/p'\'' | sed '\''/ __gnu_lto/d'\'''
lt_cv_sys_global_symbol_to_c_name_address='sed -n -e '\''s/^: \([^ ]*\)[ ]*$/  {\"\1\", (void *) 0},/p'\'' -e '\''s/^[ABCDGIRSTW]* \([^ ]*\) \([^ ]*\)$/  {"\2", (void *) \&\2},/p'\'''
lt_cv_sys_global_symbol_to_c_name_address_lib_prefix='sed -n -e '\''s/^: \([^ ]*\)[ ]*$/  {\"\1\", (void *) 0},/p'\'' -e '\''s/^[ABCDGIRSTW]* \([^ ]*\) \(lib[^ ]*\)$/  {"\2", (void *) \&\2},/p'\'' -e '\''s/^[ABCDGIRSTW]* \([^ ]*\) \([^ ]*\)$/  {"lib\2", (void *) \&\2},/p'\'''
lt_cv_sys_global_symbol_to_cdecl='sed -n -e '\''s/^T .* \(.*\)$/extern int \1();/p'\'' -e '\''s/^[ABCDGIRSTW]* .* \(.*\)$/extern char \1;/p'\'''
lt_cv_sys_max_cmd_len=1572864
lt_cv_to_host_file_cmd=func_convert_file_noop
lt_cv_to_tool_file_cmd=func_convert_file_noop

## ----------------- ##
## Output variables. ##
## ----------------- ##

ACLOCAL='${SHELL} /run/shm/fuckcpp/missing aclocal-1.14'
AMDEPBACKSLASH='\'
AMDEP_FALSE='#'
AMDEP_TRUE=''
AMTAR='$${TAR-tar}'
AM_BACKSLASH='\'
AM_DEFAULT_V='$(AM_DEFAULT_VERBOSITY)'
AM_DEFAULT_VERBOSITY='1'
AM_V='$(V)'
AR='ar'
AUTOCONF='${SHELL} /run/shm/fuckcpp/missing autoconf'
AUTOHEADER='${SHELL} /run/shm/fuckcpp/missing autoheader'
AUTOMAKE='${SHELL} /run/shm/fuckcpp/missing automake-1.14'
AWK='gawk'
CC='gcc'
CCDEPMODE='depmode=gcc3'
CFLAGS='-g'
CPP='gcc -E'
CPPFLAGS=''
CXX='g++'
CXXCPP='g++ -E'
CXXDEPMODE='depmode=gcc3'
CXXFLAGS='-g'
CYGPATH_W='echo'
DEFS='-DPACKAGE_NAME=\"\" -DPACKAGE_TARNAME=\"\" -DPACKAGE_VERSION=\"\" -DPACKAGE_STRING=\"\" -DPACKAGE_BUGREPORT=\"\" -DPACKAGE_URL=\"\" -DPACKAGE=\"fuckit\" -DVERSION=\"0.1.0\" -DSTDC_HEADERS=1 -DHAVE_SYS_TYPES_H=1 -DHAVE_SYS_STAT_H=1 -DHAVE_STDLIB_H=1 -DHAVE_STRING_H=1 -DHAVE_MEMORY_H=1 -DHAVE_STRINGS_H=1 -DHAVE_INTTYPES_H=1 -DHAVE_STDINT_H=1 -DHAVE_UNISTD_H=1 -DHAVE_DLFCN_H=1 -DLT_OBJDIR=\".libs/\"'
DEPDIR='.deps'
DLLTOOL='false'
DSYMUTIL=''
DUMPBIN=''
ECHO_C=''
ECHO_N='-n'
ECHO_T=''
EGREP='/bin/grep -E'
EXEEXT=''
FGREP='/bin/grep -F'
GREP='/bin/grep'
INSTALL_DATA='${INSTALL} -m 644'
INSTALL_PROGRAM='${INSTALL}'
INSTALL_SCRIPT='${INSTALL}'
INSTALL_STRIP_PROGRAM='$(install_sh) -c -s'
LD='/usr/bin/ld -m elf_x86_64'
LDFLAGS=''
LIBOBJS=''
LIBS=''
LIBTOOL='$(SHELL) $(top_builddir)/libtool'
LIPO=''
LN_S='ln -s'
LTLIBOBJS=''
MAKEINFO='${SHELL} /run/shm/fuckcpp/missing makeinfo'
MANIFEST_TOOL=':'
MKDIR_P='/bin/mkdir -p'
NM='/usr/bin/nm -B'
NMEDIT=''
OBJDUMP='objdump'
OBJEXT='o'
OTOOL64=''
OTOOL=''
PACKAGE='fuckit'
PACKAGE_BUGREPORT=''
PACKAGE_NAME=''
PACKAGE_STRING=''
PACKAGE_TARNAME=''
PACKAGE_URL=''
PACKAGE_VERSION=''
PATH_SEPARATOR=':'
RANLIB='ranlib'
SED='/bin/sed'
SET_MAKE=''
SHELL='/bin/bash'
STRIP='strip'
VERSION='0.1.0'
ac_ct_AR='ar'
ac_ct_CC='gcc'
ac_ct_CXX='g++'
ac_ct_DUMPBIN=''
am__EXEEXT_FALSE=''
am__EXEEXT_TRUE='#'
am__fastdepCC_FALSE='#'
am__fastdepCC_TRUE=''
am__fastdepCXX_FALSE='#'
am__fastdepCXX_TRUE=''
am__include='include'
am__isrc=''
am__leading_dot='.'
am__nodep='_no'
am__quote=''
am__tar='$${TAR-tar} chof - "$$tardir"'
am__untar='$${TAR-tar} xf -'
bindir='${exec_prefix}/bin'
build='x86_64-unknown-linux-gnu'
build_alias=''
build_cpu='x86_64'
build_os='linux-gnu'
build_vendor='unknown'
datadir='${datarootdir}'
datarootdir='${prefix}/share'
docdir='${datarootdir}/doc/${PACKAGE}'
dvidir='${docdir}'
exec_prefix='${prefix}'
host='x86_64-unknown-linux-gnu'
host_alias=''
host_cpu='x86_64'
host_os='linux-gnu'
host_vendor='unknown'
htmldir='${docdir}'
includedir='${prefix}/include'
infodir='${datarootdir}/info'
install_sh='${SHELL} /run/shm/fuckcpp/install-sh'
libdir='${exec_prefix}/lib'
libexecdir='${exec_prefix}/libexec'
localedir='${datarootdir}/locale'
localstatedir='${prefix}/var'
mandir='${datarootdir}/man'
mkdir_p='$(MKDIR_P)'
oldincludedir='/usr/include'
pdfdir='${docdir}'
prefix='/usr/local'
program_transform_name='s,x,x,'
psdir='${docdir}'
sbindir='${exec_prefix}/sbin'
sharedstatedir='${prefix}/com'
sysconfdir='${prefix}/etc'
target_alias=''

## ----------- ##
## confdefs.h. ##
## ----------- ##

/* confdefs.h */
#define PACKAGE_NAME ""
#define PACKAGE_TARNAME ""
#define PACKAGE_VERSION ""
#define PACKAGE_STRING ""
#define PACKAGE_BUGREPORT ""
#define PACKAGE_URL ""
#define PACKAGE "fuckit"
#define VERSION "0.1.0"
#define STDC_HEADERS 1
#define HAVE_SYS_TYPES_H 1
#define HAVE_SYS_STAT_H 1
#define HAVE_STDLIB_H 1
#define HAVE_STRING_H 1
#define HAVE_MEMORY_H 1
#define HAVE_STRINGS_H 1
#define HAVE_INTTYPES_H 1
#define HAVE_STDINT_H 1
#define HAVE_UNISTD_H 1
#define HAVE_DLFCN_H 1
#define LT_OBJDIR ".libs/"

configure: exit 0
